{"level":"error","message":"Network error: Failed to parse URL from undefined/users/analouvain/repos"}
{"level":"error","message":"Failed to get repos: Network Error"}
{"level":"error","message":"Network error: Failed to parse URL from undefined/users/analouvain/repos"}
{"level":"error","message":"Failed to get repos: Network Error"}
{"level":"error","message":"Network error: Failed to parse URL from undefined/users/analouvain/repos"}
{"level":"error","message":"Failed to get repos: Network Error"}
{"level":"error","message":"Error fetching user: 404"}
{"level":"error","message":"Network error: User not found: analouvai"}
{"level":"error","message":"Failed to get user: Network Error"}
{"level":"error","message":"Network error: Failed to parse URL from undefined/users/analouvain/repos"}
{"level":"error","message":"Failed to get repos: Network Error"}
{"level":"error","message":"Network error: Failed to parse URL from undefined/users/analouvain/repos"}
{"level":"error","message":"Failed to get repos: Network Error"}
{"level":"error","message":"Error fetching user: 404"}
{"level":"error","message":"Network error: User not found: usuario-sem-repos"}
{"level":"error","message":"Failed to get user: Network Error"}
{"level":"error","message":"Error fetching user: 404"}
{"level":"error","message":"Network error: User not found: usuario-sem-repos"}
{"level":"error","message":"Failed to get user: Network Error"}
{"level":"error","message":"Error fetching user: 404"}
{"level":"error","message":"Network error: User not found: usuario-sem-repos"}
{"level":"error","message":"Failed to get user: Network Error"}
{"level":"error","message":"Error fetching user: 404"}
{"level":"error","message":"Network error: User not found: usuario-sem-repos"}
{"level":"error","message":"Failed to get user: Network Error"}
{"level":"error","message":"Error fetching user: 404"}
{"level":"error","message":"Network error: User not found: usuarionaoexiste"}
{"level":"error","message":"Failed to get user: Network Error"}
{"level":"error","message":"Error fetching user: 404"}
{"level":"error","message":"Network error: User not found: usuario-sem-repos"}
{"level":"error","message":"Failed to get user: Network Error"}
{"level":"error","message":"Error fetching user: 404"}
{"level":"error","message":"Network error: User not found: usuarionaoexiste"}
{"level":"error","message":"Failed to get user: Network Error"}
{"level":"error","message":"Error fetching user: 404"}
{"level":"error","message":"Network error: User not found: usuario-sem-repos"}
{"level":"error","message":"Failed to get user: Network Error"}
{"level":"error","message":"Error fetching user: 404"}
{"level":"error","message":"Network error: User not found: usuarionaoexiste"}
{"level":"error","message":"Failed to get user: Network Error"}
{"level":"error","message":"Error fetching user: 404"}
{"level":"error","message":"Network error: User not found: usuario-sem-repos"}
{"level":"error","message":"Failed to get user: Network Error"}
{"level":"error","message":"Error fetching user: 404"}
{"level":"error","message":"Network error: User not found: usuarionaoexiste"}
{"level":"error","message":"Failed to get user: Network Error"}
{"level":"error","message":"Error fetching user: 404"}
{"level":"error","message":"Network error: User not found: usuario-sem-repos"}
{"level":"error","message":"Failed to get user: Network Error"}
{"level":"error","message":"Error fetching user: 404"}
{"level":"error","message":"Network error: User not found: usuarionaoexiste"}
{"level":"error","message":"Failed to get user: Network Error"}
{"level":"error","message":"Error fetching user: 404"}
{"level":"error","message":"Network error: User not found: usuario-sem-repos"}
{"level":"error","message":"Failed to get user: Network Error"}
{"level":"error","message":"Error fetching user: 404"}
{"level":"error","message":"Network error: User not found: usuarionaoexiste"}
{"level":"error","message":"Failed to get user: Network Error"}
{"level":"error","message":"Error fetching user: 404"}
{"level":"error","message":"Network error: User not found: usuario-sem-repos"}
{"level":"error","message":"Failed to get user: Network Error"}
