{"level":"info","message":"Received request: GET /api/users/analouvain"}
{"level":"info","message":"Received request: GET /api/users/analouvain/respos"}
{"level":"info","message":"Received request: GET /api/users/analouvain/repos"}
{"level":"error","message":"Network error: Failed to parse URL from undefined/users/analouvain/repos"}
{"level":"error","message":"Failed to get repos: Network Error"}
{"level":"info","message":"Received request: GET /api/users/analouvain/repos"}
{"level":"error","message":"Network error: Failed to parse URL from undefined/users/analouvain/repos"}
{"level":"error","message":"Failed to get repos: Network Error"}
{"level":"info","message":"Received request: GET /api/users/analouvain/repos"}
{"level":"error","message":"Network error: Failed to parse URL from undefined/users/analouvain/repos"}
{"level":"error","message":"Failed to get repos: Network Error"}
{"level":"info","message":"Received request: GET /favicon.ico"}
{"level":"info","message":"Received request: GET /api/users/analouvai"}
{"level":"error","message":"Error fetching user: 404"}
{"level":"error","message":"Network error: User not found: analouvai"}
{"level":"error","message":"Failed to get user: Network Error"}
{"level":"info","message":"Received request: GET /api/users/analouvain/repos"}
{"level":"error","message":"Network error: Failed to parse URL from undefined/users/analouvain/repos"}
{"level":"error","message":"Failed to get repos: Network Error"}
{"level":"info","message":"Received request: GET /api/users/analouvain/"}
{"level":"info","message":"Received request: GET /api/users/analouvain/"}
{"level":"info","message":"Received request: GET /api/users/analouvain/repos/"}
{"level":"error","message":"Network error: Failed to parse URL from undefined/users/analouvain/repos"}
{"level":"error","message":"Failed to get repos: Network Error"}
{"level":"info","message":"Received request: GET /api/users/analouvain/repos/"}
{"level":"info","message":"Received request: GET /api/users/octocat"}
{"level":"info","message":"Received request: GET /api/users/inexistente"}
{"level":"info","message":"Received request: GET /api/users/octocat/repos"}
{"level":"info","message":"Received request: GET /api/users/usuario-sem-repos"}
{"level":"error","message":"Error fetching user: 404"}
{"level":"error","message":"Network error: User not found: usuario-sem-repos"}
{"level":"error","message":"Failed to get user: Network Error"}
{"level":"info","message":"Received request: GET /api/users/analouvain"}
{"level":"info","message":"Received request: GET /api/users/usuarioinexistente"}
{"level":"info","message":"Received request: GET /api/users/analouvain/repos"}
{"level":"info","message":"Received request: GET /api/users/usuario-sem-repos"}
{"level":"error","message":"Error fetching user: 404"}
{"level":"error","message":"Network error: User not found: usuario-sem-repos"}
{"level":"error","message":"Failed to get user: Network Error"}
{"level":"info","message":"Received request: GET /api/users/analouvain"}
{"level":"info","message":"Received request: GET /api/users/usuarioinexistente"}
{"level":"info","message":"Received request: GET /api/users/analouvain/repos"}
{"level":"info","message":"Received request: GET /api/users/usuario-sem-repos"}
{"level":"error","message":"Error fetching user: 404"}
{"level":"error","message":"Network error: User not found: usuario-sem-repos"}
{"level":"error","message":"Failed to get user: Network Error"}
{"level":"info","message":"Received request: GET /api/users/analouvain"}
{"level":"info","message":"Received request: GET /api/users/usuarioinexistente"}
{"level":"info","message":"Received request: GET /api/users/analouvain/repos"}
{"level":"info","message":"Received request: GET /api/users/usuario-sem-repos"}
{"level":"error","message":"Error fetching user: 404"}
{"level":"error","message":"Network error: User not found: usuario-sem-repos"}
{"level":"error","message":"Failed to get user: Network Error"}
{"level":"info","message":"Received request: GET /api/users/analouvain"}
{"level":"info","message":"Received request: GET /api/users/usuarionaoexiste"}
{"level":"error","message":"Error fetching user: 404"}
{"level":"error","message":"Network error: User not found: usuarionaoexiste"}
{"level":"error","message":"Failed to get user: Network Error"}
{"level":"info","message":"Received request: GET /api/users/analouvain/repos"}
{"level":"info","message":"Received request: GET /api/users/usuario-sem-repos"}
{"level":"error","message":"Error fetching user: 404"}
{"level":"error","message":"Network error: User not found: usuario-sem-repos"}
{"level":"error","message":"Failed to get user: Network Error"}
{"level":"info","message":"Received request: GET /api/users/analouvain/"}
{"level":"info","message":"Received request: GET /api/users/analouvain"}
{"level":"info","message":"Received request: GET /api/users/usuarionaoexiste"}
{"level":"error","message":"Error fetching user: 404"}
{"level":"error","message":"Network error: User not found: usuarionaoexiste"}
{"level":"error","message":"Failed to get user: Network Error"}
{"level":"info","message":"Received request: GET /api/users/analouvain/repos"}
{"level":"info","message":"Received request: GET /api/users/usuario-sem-repos"}
{"level":"error","message":"Error fetching user: 404"}
{"level":"error","message":"Network error: User not found: usuario-sem-repos"}
{"level":"error","message":"Failed to get user: Network Error"}
{"level":"info","message":"Received request: GET /api/users/analouvain"}
{"level":"info","message":"Received request: GET /api/users/usuarionaoexiste"}
{"level":"error","message":"Error fetching user: 404"}
{"level":"error","message":"Network error: User not found: usuarionaoexiste"}
{"level":"error","message":"Failed to get user: Network Error"}
{"level":"info","message":"Received request: GET /api/users/analouvain/repos"}
{"level":"info","message":"Received request: GET /api/users/usuario-sem-repos"}
{"level":"error","message":"Error fetching user: 404"}
{"level":"error","message":"Network error: User not found: usuario-sem-repos"}
{"level":"error","message":"Failed to get user: Network Error"}
{"level":"info","message":"Received request: GET /api/users/analouvain"}
{"level":"info","message":"Received request: GET /api/users/usuarionaoexiste"}
{"level":"error","message":"Error fetching user: 404"}
{"level":"error","message":"Network error: User not found: usuarionaoexiste"}
{"level":"error","message":"Failed to get user: Network Error"}
{"level":"info","message":"Received request: GET /api/users/analouvain/repos"}
{"level":"info","message":"Received request: GET /api/users/usuario-sem-repos"}
{"level":"error","message":"Error fetching user: 404"}
{"level":"error","message":"Network error: User not found: usuario-sem-repos"}
{"level":"error","message":"Failed to get user: Network Error"}
{"level":"info","message":"Received request: GET /api/users/analouvain"}
{"level":"info","message":"Received request: GET /api/users/usuarionaoexiste"}
{"level":"error","message":"Error fetching user: 404"}
{"level":"error","message":"Network error: User not found: usuarionaoexiste"}
{"level":"error","message":"Failed to get user: Network Error"}
{"level":"info","message":"Received request: GET /api/users/analouvain/repos"}
{"level":"info","message":"Received request: GET /api/users/usuario-sem-repos"}
{"level":"error","message":"Error fetching user: 404"}
{"level":"error","message":"Network error: User not found: usuario-sem-repos"}
{"level":"error","message":"Failed to get user: Network Error"}
{"level":"info","message":"Received request: GET /api/users/analouvain"}
{"level":"info","message":"Received request: GET /api/users/usuarionaoexiste"}
{"level":"error","message":"Error fetching user: 404"}
{"level":"error","message":"Network error: User not found: usuarionaoexiste"}
{"level":"error","message":"Failed to get user: Network Error"}
{"level":"info","message":"Received request: GET /api/users/analouvain/repos"}
{"level":"info","message":"Received request: GET /api/users/usuario-sem-repos"}
{"level":"error","message":"Error fetching user: 404"}
{"level":"error","message":"Network error: User not found: usuario-sem-repos"}
{"level":"error","message":"Failed to get user: Network Error"}
